[error] Failed to fetch Firebase Project from Studio Workspace because WORKSPACE_SLUG environment variable is empty
[error] Failed to fetch Firebase Project from Studio Workspace because WORKSPACE_SLUG environment variable is empty
[error] Failed to fetch Firebase Project from Studio Workspace because WORKSPACE_SLUG environment variable is empty
[error] Failed to fetch Firebase Project from Studio Workspace because WORKSPACE_SLUG environment variable is empty
[debug] [2025-10-26T08:53:19.261Z] > command requires scopes: ["email","openid","https://www.googleapis.com/auth/cloudplatformprojects.readonly","https://www.googleapis.com/auth/firebase","https://www.googleapis.com/auth/cloud-platform","https://www.googleapis.com/auth/userinfo.email"]
[debug] [2025-10-26T08:53:19.267Z] > command requires scopes: ["email","openid","https://www.googleapis.com/auth/cloudplatformprojects.readonly","https://www.googleapis.com/auth/firebase","https://www.googleapis.com/auth/cloud-platform","https://www.googleapis.com/auth/userinfo.email"]
[debug] [2025-10-26T08:53:27.326Z] No OAuth tokens found
[debug] [2025-10-26T08:53:27.333Z] No OAuth tokens found
[debug] [2025-10-26T08:53:27.341Z] > command requires scopes: ["email","openid","https://www.googleapis.com/auth/cloudplatformprojects.readonly","https://www.googleapis.com/auth/firebase","https://www.googleapis.com/auth/cloud-platform","https://www.googleapis.com/auth/userinfo.email"]
[debug] [2025-10-26T08:53:27.346Z] No OAuth tokens found
[debug] [2025-10-26T08:53:27.346Z] No OAuth tokens found
[debug] [2025-10-26T08:53:27.347Z] > command requires scopes: ["email","openid","https://www.googleapis.com/auth/cloudplatformprojects.readonly","https://www.googleapis.com/auth/firebase","https://www.googleapis.com/auth/cloud-platform","https://www.googleapis.com/auth/userinfo.email"]
[debug] [2025-10-26T08:53:27.364Z] No OAuth tokens found
[debug] [2025-10-26T08:53:27.364Z] No OAuth tokens found
[debug] [2025-10-26T08:53:27.365Z] > command requires scopes: ["email","openid","https://www.googleapis.com/auth/cloudplatformprojects.readonly","https://www.googleapis.com/auth/firebase","https://www.googleapis.com/auth/cloud-platform","https://www.googleapis.com/auth/userinfo.email"]
[debug] [2025-10-26T08:53:27.366Z] No OAuth tokens found
[debug] [2025-10-26T08:53:27.366Z] No OAuth tokens found
[debug] [2025-10-26T08:53:27.366Z] > command requires scopes: ["email","openid","https://www.googleapis.com/auth/cloudplatformprojects.readonly","https://www.googleapis.com/auth/firebase","https://www.googleapis.com/auth/cloud-platform","https://www.googleapis.com/auth/userinfo.email"]
[debug] [2025-10-26T08:53:27.368Z] No OAuth tokens found
[debug] [2025-10-26T08:53:27.368Z] No OAuth tokens found
[debug] [2025-10-26T08:53:27.368Z] > command requires scopes: ["email","openid","https://www.googleapis.com/auth/cloudplatformprojects.readonly","https://www.googleapis.com/auth/firebase","https://www.googleapis.com/auth/cloud-platform","https://www.googleapis.com/auth/userinfo.email"]
[debug] [2025-10-26T08:53:27.369Z] No OAuth tokens found
[debug] [2025-10-26T08:53:27.370Z] No OAuth tokens found
[debug] [2025-10-26T08:53:27.370Z] > command requires scopes: ["email","openid","https://www.googleapis.com/auth/cloudplatformprojects.readonly","https://www.googleapis.com/auth/firebase","https://www.googleapis.com/auth/cloud-platform","https://www.googleapis.com/auth/userinfo.email"]
[debug] [2025-10-26T08:53:27.373Z] No OAuth tokens found
[debug] [2025-10-26T08:53:27.373Z] No OAuth tokens found
[debug] [2025-10-26T08:53:27.373Z] > command requires scopes: ["email","openid","https://www.googleapis.com/auth/cloudplatformprojects.readonly","https://www.googleapis.com/auth/firebase","https://www.googleapis.com/auth/cloud-platform","https://www.googleapis.com/auth/userinfo.email"]
[debug] [2025-10-26T08:53:27.374Z] No OAuth tokens found
[debug] [2025-10-26T08:53:27.374Z] No OAuth tokens found
[debug] [2025-10-26T08:53:27.374Z] > command requires scopes: ["email","openid","https://www.googleapis.com/auth/cloudplatformprojects.readonly","https://www.googleapis.com/auth/firebase","https://www.googleapis.com/auth/cloud-platform","https://www.googleapis.com/auth/userinfo.email"]
[error] Failed to fetch Firebase Project from Studio Workspace because WORKSPACE_SLUG environment variable is empty
[error] Failed to fetch Firebase Project from Studio Workspace because WORKSPACE_SLUG environment variable is empty
[error] Failed to fetch Firebase Project from Studio Workspace because WORKSPACE_SLUG environment variable is empty
[debug] [2025-10-26T08:53:29.567Z] > command requires scopes: ["email","openid","https://www.googleapis.com/auth/cloudplatformprojects.readonly","https://www.googleapis.com/auth/firebase","https://www.googleapis.com/auth/cloud-platform","https://www.googleapis.com/auth/userinfo.email"]
[error] Failed to fetch Firebase Project from Studio Workspace because WORKSPACE_SLUG environment variable is empty
[debug] [2025-10-26T08:53:31.724Z] > command requires scopes: ["email","openid","https://www.googleapis.com/auth/cloudplatformprojects.readonly","https://www.googleapis.com/auth/firebase","https://www.googleapis.com/auth/cloud-platform","https://www.googleapis.com/auth/userinfo.email"]
[error] Failed to fetch Firebase Project from Studio Workspace because WORKSPACE_SLUG environment variable is empty
[error] Failed to fetch Firebase Project from Studio Workspace because WORKSPACE_SLUG environment variable is empty
[error] Failed to fetch Firebase Project from Studio Workspace because WORKSPACE_SLUG environment variable is empty
[error] Failed to fetch Firebase Project from Studio Workspace because WORKSPACE_SLUG environment variable is empty
[debug] [2025-10-26T08:53:31.792Z] > command requires scopes: ["email","openid","https://www.googleapis.com/auth/cloudplatformprojects.readonly","https://www.googleapis.com/auth/firebase","https://www.googleapis.com/auth/cloud-platform","https://www.googleapis.com/auth/userinfo.email"]
[error] Failed to fetch Firebase Project from Studio Workspace because WORKSPACE_SLUG environment variable is empty
[error] Failed to fetch Firebase Project from Studio Workspace because WORKSPACE_SLUG environment variable is empty
[debug] [2025-10-26T08:53:31.820Z] > command requires scopes: ["email","openid","https://www.googleapis.com/auth/cloudplatformprojects.readonly","https://www.googleapis.com/auth/firebase","https://www.googleapis.com/auth/cloud-platform","https://www.googleapis.com/auth/userinfo.email"]
[error] Failed to fetch Firebase Project from Studio Workspace because WORKSPACE_SLUG environment variable is empty
[error] Failed to fetch Firebase Project from Studio Workspace because WORKSPACE_SLUG environment variable is empty
[debug] [2025-10-26T08:53:33.939Z] > command requires scopes: ["email","openid","https://www.googleapis.com/auth/cloudplatformprojects.readonly","https://www.googleapis.com/auth/firebase","https://www.googleapis.com/auth/cloud-platform","https://www.googleapis.com/auth/userinfo.email"]
[debug] [2025-10-26T08:53:33.939Z] > command requires scopes: ["email","openid","https://www.googleapis.com/auth/cloudplatformprojects.readonly","https://www.googleapis.com/auth/firebase","https://www.googleapis.com/auth/cloud-platform","https://www.googleapis.com/auth/userinfo.email"]
[error] Failed to fetch Firebase Project from Studio Workspace because WORKSPACE_SLUG environment variable is empty
[error] Failed to fetch Firebase Project from Studio Workspace because WORKSPACE_SLUG environment variable is empty
[error] Failed to fetch Firebase Project from Studio Workspace because WORKSPACE_SLUG environment variable is empty
[error] Failed to fetch Firebase Project from Studio Workspace because WORKSPACE_SLUG environment variable is empty
[debug] [2025-10-26T09:22:38.987Z] > command requires scopes: ["email","openid","https://www.googleapis.com/auth/cloudplatformprojects.readonly","https://www.googleapis.com/auth/firebase","https://www.googleapis.com/auth/cloud-platform","https://www.googleapis.com/auth/userinfo.email"]
[debug] [2025-10-26T09:22:38.991Z] > command requires scopes: ["email","openid","https://www.googleapis.com/auth/cloudplatformprojects.readonly","https://www.googleapis.com/auth/firebase","https://www.googleapis.com/auth/cloud-platform","https://www.googleapis.com/auth/userinfo.email"]
[error] Failed to fetch Firebase Project from Studio Workspace because WORKSPACE_SLUG environment variable is empty
[error] Failed to fetch Firebase Project from Studio Workspace because WORKSPACE_SLUG environment variable is empty
[debug] [2025-10-26T09:23:38.449Z] > command requires scopes: ["email","openid","https://www.googleapis.com/auth/cloudplatformprojects.readonly","https://www.googleapis.com/auth/firebase","https://www.googleapis.com/auth/cloud-platform","https://www.googleapis.com/auth/userinfo.email"]
[error] Failed to fetch Firebase Project from Studio Workspace because WORKSPACE_SLUG environment variable is empty
[error] Failed to fetch Firebase Project from Studio Workspace because WORKSPACE_SLUG environment variable is empty
[debug] [2025-10-26T09:23:38.464Z] > command requires scopes: ["email","openid","https://www.googleapis.com/auth/cloudplatformprojects.readonly","https://www.googleapis.com/auth/firebase","https://www.googleapis.com/auth/cloud-platform","https://www.googleapis.com/auth/userinfo.email"]
[debug] [2025-10-26T09:24:15.627Z] No OAuth tokens found
[debug] [2025-10-26T09:24:15.630Z] No OAuth tokens found
[debug] [2025-10-26T09:24:15.633Z] > command requires scopes: ["email","openid","https://www.googleapis.com/auth/cloudplatformprojects.readonly","https://www.googleapis.com/auth/firebase","https://www.googleapis.com/auth/cloud-platform","https://www.googleapis.com/auth/userinfo.email"]
[debug] [2025-10-26T09:24:15.639Z] No OAuth tokens found
[debug] [2025-10-26T09:24:15.639Z] No OAuth tokens found
[debug] [2025-10-26T09:24:15.639Z] > command requires scopes: ["email","openid","https://www.googleapis.com/auth/cloudplatformprojects.readonly","https://www.googleapis.com/auth/firebase","https://www.googleapis.com/auth/cloud-platform","https://www.googleapis.com/auth/userinfo.email"]
[debug] [2025-10-26T09:24:15.658Z] No OAuth tokens found
[debug] [2025-10-26T09:24:15.658Z] No OAuth tokens found
[debug] [2025-10-26T09:24:15.658Z] > command requires scopes: ["email","openid","https://www.googleapis.com/auth/cloudplatformprojects.readonly","https://www.googleapis.com/auth/firebase","https://www.googleapis.com/auth/cloud-platform","https://www.googleapis.com/auth/userinfo.email"]
[debug] [2025-10-26T09:24:15.659Z] No OAuth tokens found
[debug] [2025-10-26T09:24:15.659Z] No OAuth tokens found
[debug] [2025-10-26T09:24:15.659Z] > command requires scopes: ["email","openid","https://www.googleapis.com/auth/cloudplatformprojects.readonly","https://www.googleapis.com/auth/firebase","https://www.googleapis.com/auth/cloud-platform","https://www.googleapis.com/auth/userinfo.email"]
[debug] [2025-10-26T09:24:15.660Z] No OAuth tokens found
[debug] [2025-10-26T09:24:15.661Z] No OAuth tokens found
[debug] [2025-10-26T09:24:15.661Z] > command requires scopes: ["email","openid","https://www.googleapis.com/auth/cloudplatformprojects.readonly","https://www.googleapis.com/auth/firebase","https://www.googleapis.com/auth/cloud-platform","https://www.googleapis.com/auth/userinfo.email"]
[debug] [2025-10-26T09:24:15.662Z] No OAuth tokens found
[debug] [2025-10-26T09:24:15.662Z] No OAuth tokens found
[debug] [2025-10-26T09:24:15.662Z] > command requires scopes: ["email","openid","https://www.googleapis.com/auth/cloudplatformprojects.readonly","https://www.googleapis.com/auth/firebase","https://www.googleapis.com/auth/cloud-platform","https://www.googleapis.com/auth/userinfo.email"]
[debug] [2025-10-26T09:24:15.665Z] No OAuth tokens found
[debug] [2025-10-26T09:24:15.665Z] No OAuth tokens found
[debug] [2025-10-26T09:24:15.665Z] > command requires scopes: ["email","openid","https://www.googleapis.com/auth/cloudplatformprojects.readonly","https://www.googleapis.com/auth/firebase","https://www.googleapis.com/auth/cloud-platform","https://www.googleapis.com/auth/userinfo.email"]
[debug] [2025-10-26T09:24:15.668Z] No OAuth tokens found
[debug] [2025-10-26T09:24:15.669Z] No OAuth tokens found
[debug] [2025-10-26T09:24:15.669Z] > command requires scopes: ["email","openid","https://www.googleapis.com/auth/cloudplatformprojects.readonly","https://www.googleapis.com/auth/firebase","https://www.googleapis.com/auth/cloud-platform","https://www.googleapis.com/auth/userinfo.email"]
[debug] [2025-10-26T09:24:15.670Z] No OAuth tokens found
[debug] [2025-10-26T09:24:15.670Z] No OAuth tokens found
[debug] [2025-10-26T09:24:15.670Z] > command requires scopes: ["email","openid","https://www.googleapis.com/auth/cloudplatformprojects.readonly","https://www.googleapis.com/auth/firebase","https://www.googleapis.com/auth/cloud-platform","https://www.googleapis.com/auth/userinfo.email"]
[debug] [2025-10-26T09:24:15.671Z] No OAuth tokens found
[debug] [2025-10-26T09:24:15.671Z] No OAuth tokens found
[debug] [2025-10-26T09:24:15.671Z] > command requires scopes: ["email","openid","https://www.googleapis.com/auth/cloudplatformprojects.readonly","https://www.googleapis.com/auth/firebase","https://www.googleapis.com/auth/cloud-platform","https://www.googleapis.com/auth/userinfo.email"]
[debug] [2025-10-26T09:24:15.674Z] No OAuth tokens found
[debug] [2025-10-26T09:24:15.674Z] No OAuth tokens found
[debug] [2025-10-26T09:24:15.674Z] > command requires scopes: ["email","openid","https://www.googleapis.com/auth/cloudplatformprojects.readonly","https://www.googleapis.com/auth/firebase","https://www.googleapis.com/auth/cloud-platform","https://www.googleapis.com/auth/userinfo.email"]
[debug] [2025-10-26T09:24:15.674Z] No OAuth tokens found
[debug] [2025-10-26T09:24:15.675Z] No OAuth tokens found
[debug] [2025-10-26T09:24:15.675Z] > command requires scopes: ["email","openid","https://www.googleapis.com/auth/cloudplatformprojects.readonly","https://www.googleapis.com/auth/firebase","https://www.googleapis.com/auth/cloud-platform","https://www.googleapis.com/auth/userinfo.email"]
[debug] [2025-10-26T09:24:15.676Z] No OAuth tokens found
[debug] [2025-10-26T09:24:15.676Z] No OAuth tokens found
[debug] [2025-10-26T09:24:15.676Z] > command requires scopes: ["email","openid","https://www.googleapis.com/auth/cloudplatformprojects.readonly","https://www.googleapis.com/auth/firebase","https://www.googleapis.com/auth/cloud-platform","https://www.googleapis.com/auth/userinfo.email"]
[debug] [2025-10-26T09:24:15.677Z] No OAuth tokens found
[debug] [2025-10-26T09:24:15.677Z] No OAuth tokens found
[debug] [2025-10-26T09:24:15.677Z] > command requires scopes: ["email","openid","https://www.googleapis.com/auth/cloudplatformprojects.readonly","https://www.googleapis.com/auth/firebase","https://www.googleapis.com/auth/cloud-platform","https://www.googleapis.com/auth/userinfo.email"]
[debug] [2025-10-26T09:24:15.680Z] No OAuth tokens found
[debug] [2025-10-26T09:24:15.680Z] No OAuth tokens found
[debug] [2025-10-26T09:24:15.680Z] > command requires scopes: ["email","openid","https://www.googleapis.com/auth/cloudplatformprojects.readonly","https://www.googleapis.com/auth/firebase","https://www.googleapis.com/auth/cloud-platform","https://www.googleapis.com/auth/userinfo.email"]
[debug] [2025-10-26T09:24:15.680Z] No OAuth tokens found
[debug] [2025-10-26T09:24:15.681Z] No OAuth tokens found
[debug] [2025-10-26T09:24:15.681Z] > command requires scopes: ["email","openid","https://www.googleapis.com/auth/cloudplatformprojects.readonly","https://www.googleapis.com/auth/firebase","https://www.googleapis.com/auth/cloud-platform","https://www.googleapis.com/auth/userinfo.email"]
[error] Failed to fetch Firebase Project from Studio Workspace because WORKSPACE_SLUG environment variable is empty
[error] Failed to fetch Firebase Project from Studio Workspace because WORKSPACE_SLUG environment variable is empty
[error] Failed to fetch Firebase Project from Studio Workspace because WORKSPACE_SLUG environment variable is empty
[error] Failed to fetch Firebase Project from Studio Workspace because WORKSPACE_SLUG environment variable is empty
[error] Failed to fetch Firebase Project from Studio Workspace because WORKSPACE_SLUG environment variable is empty
[debug] [2025-10-26T09:24:18.744Z] > command requires scopes: ["email","openid","https://www.googleapis.com/auth/cloudplatformprojects.readonly","https://www.googleapis.com/auth/firebase","https://www.googleapis.com/auth/cloud-platform","https://www.googleapis.com/auth/userinfo.email"]
[error] Failed to fetch Firebase Project from Studio Workspace because WORKSPACE_SLUG environment variable is empty
[error] Failed to fetch Firebase Project from Studio Workspace because WORKSPACE_SLUG environment variable is empty
[debug] [2025-10-26T09:24:18.751Z] > command requires scopes: ["email","openid","https://www.googleapis.com/auth/cloudplatformprojects.readonly","https://www.googleapis.com/auth/firebase","https://www.googleapis.com/auth/cloud-platform","https://www.googleapis.com/auth/userinfo.email"]
[error] Failed to fetch Firebase Project from Studio Workspace because WORKSPACE_SLUG environment variable is empty
[error] Failed to fetch Firebase Project from Studio Workspace because WORKSPACE_SLUG environment variable is empty
[debug] [2025-10-26T09:24:18.762Z] > command requires scopes: ["email","openid","https://www.googleapis.com/auth/cloudplatformprojects.readonly","https://www.googleapis.com/auth/firebase","https://www.googleapis.com/auth/cloud-platform","https://www.googleapis.com/auth/userinfo.email"]
[error] Failed to fetch Firebase Project from Studio Workspace because WORKSPACE_SLUG environment variable is empty
[error] Failed to fetch Firebase Project from Studio Workspace because WORKSPACE_SLUG environment variable is empty
[error] Failed to fetch Firebase Project from Studio Workspace because WORKSPACE_SLUG environment variable is empty
[debug] [2025-10-26T09:24:43.068Z] > command requires scopes: ["email","openid","https://www.googleapis.com/auth/cloudplatformprojects.readonly","https://www.googleapis.com/auth/firebase","https://www.googleapis.com/auth/cloud-platform","https://www.googleapis.com/auth/userinfo.email"]
[debug] [2025-10-26T09:24:43.069Z] > command requires scopes: ["email","openid","https://www.googleapis.com/auth/cloudplatformprojects.readonly","https://www.googleapis.com/auth/firebase","https://www.googleapis.com/auth/cloud-platform","https://www.googleapis.com/auth/userinfo.email"]
[debug] [2025-10-26T09:24:43.069Z] > command requires scopes: ["email","openid","https://www.googleapis.com/auth/cloudplatformprojects.readonly","https://www.googleapis.com/auth/firebase","https://www.googleapis.com/auth/cloud-platform","https://www.googleapis.com/auth/userinfo.email"]
[error] Failed to fetch Firebase Project from Studio Workspace because WORKSPACE_SLUG environment variable is empty
[error] Failed to fetch Firebase Project from Studio Workspace because WORKSPACE_SLUG environment variable is empty
[error] Failed to fetch Firebase Project from Studio Workspace because WORKSPACE_SLUG environment variable is empty
[error] Failed to fetch Firebase Project from Studio Workspace because WORKSPACE_SLUG environment variable is empty
[debug] [2025-10-26T10:46:32.580Z] > command requires scopes: ["email","openid","https://www.googleapis.com/auth/cloudplatformprojects.readonly","https://www.googleapis.com/auth/firebase","https://www.googleapis.com/auth/cloud-platform","https://www.googleapis.com/auth/userinfo.email"]
[debug] [2025-10-26T10:46:32.585Z] > command requires scopes: ["email","openid","https://www.googleapis.com/auth/cloudplatformprojects.readonly","https://www.googleapis.com/auth/firebase","https://www.googleapis.com/auth/cloud-platform","https://www.googleapis.com/auth/userinfo.email"]
[debug] [2025-10-26T10:46:49.800Z] Running auto auth
[debug] [2025-10-26T10:46:49.801Z] Running auto auth
[debug] [2025-10-26T10:46:49.847Z] No OAuth tokens found
[debug] [2025-10-26T10:46:49.852Z] No OAuth tokens found
[debug] [2025-10-26T10:46:49.869Z] No OAuth tokens found
[debug] [2025-10-26T10:46:49.870Z] No OAuth tokens found
[debug] [2025-10-26T10:46:49.872Z] >>> [apiv2][query] GET https://serviceusage.googleapis.com/v1/projects/studio-7242952701-d91b7/services/firebasedataconnect.googleapis.com [none]
[debug] [2025-10-26T10:46:49.872Z] >>> [apiv2][(partial)header] GET https://serviceusage.googleapis.com/v1/projects/studio-7242952701-d91b7/services/firebasedataconnect.googleapis.com x-goog-quota-user=projects/studio-7242952701-d91b7
[debug] [2025-10-26T10:46:49.875Z] >>> [apiv2][query] GET https://serviceusage.googleapis.com/v1/projects/studio-7242952701-d91b7/services/cloudfunctions.googleapis.com [none]
[debug] [2025-10-26T10:46:49.875Z] >>> [apiv2][(partial)header] GET https://serviceusage.googleapis.com/v1/projects/studio-7242952701-d91b7/services/cloudfunctions.googleapis.com x-goog-quota-user=projects/studio-7242952701-d91b7
[debug] [2025-10-26T10:46:49.877Z] >>> [apiv2][query] GET https://serviceusage.googleapis.com/v1/projects/studio-7242952701-d91b7/services/firebaseapphosting.googleapis.com [none]
[debug] [2025-10-26T10:46:49.877Z] >>> [apiv2][(partial)header] GET https://serviceusage.googleapis.com/v1/projects/studio-7242952701-d91b7/services/firebaseapphosting.googleapis.com x-goog-quota-user=projects/studio-7242952701-d91b7
[debug] [2025-10-26T10:46:49.879Z] >>> [apiv2][query] GET https://serviceusage.googleapis.com/v1/projects/studio-7242952701-d91b7/services/firebaseio.com [none]
[debug] [2025-10-26T10:46:49.879Z] >>> [apiv2][(partial)header] GET https://serviceusage.googleapis.com/v1/projects/studio-7242952701-d91b7/services/firebaseio.com x-goog-quota-user=projects/studio-7242952701-d91b7
[debug] [2025-10-26T10:46:49.917Z] No OAuth tokens found
[debug] [2025-10-26T10:46:49.921Z] No OAuth tokens found
[debug] [2025-10-26T10:46:49.929Z] No OAuth tokens found
[debug] [2025-10-26T10:46:49.929Z] No OAuth tokens found
[debug] [2025-10-26T10:46:49.929Z] >>> [apiv2][query] GET https://serviceusage.googleapis.com/v1/projects/studio-7242952701-d91b7/services/firebasedataconnect.googleapis.com [none]
[debug] [2025-10-26T10:46:49.930Z] >>> [apiv2][(partial)header] GET https://serviceusage.googleapis.com/v1/projects/studio-7242952701-d91b7/services/firebasedataconnect.googleapis.com x-goog-quota-user=projects/studio-7242952701-d91b7
[debug] [2025-10-26T10:46:49.940Z] >>> [apiv2][query] GET https://serviceusage.googleapis.com/v1/projects/studio-7242952701-d91b7/services/cloudfunctions.googleapis.com [none]
[debug] [2025-10-26T10:46:49.940Z] >>> [apiv2][(partial)header] GET https://serviceusage.googleapis.com/v1/projects/studio-7242952701-d91b7/services/cloudfunctions.googleapis.com x-goog-quota-user=projects/studio-7242952701-d91b7
[debug] [2025-10-26T10:46:49.943Z] >>> [apiv2][query] GET https://serviceusage.googleapis.com/v1/projects/studio-7242952701-d91b7/services/firebaseapphosting.googleapis.com [none]
[debug] [2025-10-26T10:46:49.943Z] >>> [apiv2][(partial)header] GET https://serviceusage.googleapis.com/v1/projects/studio-7242952701-d91b7/services/firebaseapphosting.googleapis.com x-goog-quota-user=projects/studio-7242952701-d91b7
[debug] [2025-10-26T10:46:49.945Z] >>> [apiv2][query] GET https://serviceusage.googleapis.com/v1/projects/studio-7242952701-d91b7/services/firebaseio.com [none]
[debug] [2025-10-26T10:46:49.945Z] >>> [apiv2][(partial)header] GET https://serviceusage.googleapis.com/v1/projects/studio-7242952701-d91b7/services/firebaseio.com x-goog-quota-user=projects/studio-7242952701-d91b7
[debug] [2025-10-26T10:46:50.917Z] <<< [apiv2][status] GET https://serviceusage.googleapis.com/v1/projects/studio-7242952701-d91b7/services/firebaseio.com 403
[debug] [2025-10-26T10:46:50.918Z] <<< [apiv2][body] GET https://serviceusage.googleapis.com/v1/projects/studio-7242952701-d91b7/services/firebaseio.com [omitted]
[debug] [2025-10-26T10:46:50.937Z] <<< [apiv2][status] GET https://serviceusage.googleapis.com/v1/projects/studio-7242952701-d91b7/services/firebaseio.com 403
[debug] [2025-10-26T10:46:50.940Z] <<< [apiv2][body] GET https://serviceusage.googleapis.com/v1/projects/studio-7242952701-d91b7/services/firebaseio.com [omitted]
[debug] [2025-10-26T10:46:50.959Z] <<< [apiv2][status] GET https://serviceusage.googleapis.com/v1/projects/studio-7242952701-d91b7/services/firebasedataconnect.googleapis.com 200
[debug] [2025-10-26T10:46:50.959Z] <<< [apiv2][body] GET https://serviceusage.googleapis.com/v1/projects/studio-7242952701-d91b7/services/firebasedataconnect.googleapis.com [omitted]
[debug] [2025-10-26T10:46:50.983Z] <<< [apiv2][status] GET https://serviceusage.googleapis.com/v1/projects/studio-7242952701-d91b7/services/firebasedataconnect.googleapis.com 200
[debug] [2025-10-26T10:46:50.986Z] <<< [apiv2][body] GET https://serviceusage.googleapis.com/v1/projects/studio-7242952701-d91b7/services/firebasedataconnect.googleapis.com [omitted]
[debug] [2025-10-26T10:46:50.999Z] <<< [apiv2][status] GET https://serviceusage.googleapis.com/v1/projects/studio-7242952701-d91b7/services/firebaseapphosting.googleapis.com 200
[debug] [2025-10-26T10:46:50.999Z] <<< [apiv2][body] GET https://serviceusage.googleapis.com/v1/projects/studio-7242952701-d91b7/services/firebaseapphosting.googleapis.com [omitted]
[debug] [2025-10-26T10:46:51.010Z] <<< [apiv2][status] GET https://serviceusage.googleapis.com/v1/projects/studio-7242952701-d91b7/services/firebaseapphosting.googleapis.com 200
[debug] [2025-10-26T10:46:51.011Z] <<< [apiv2][body] GET https://serviceusage.googleapis.com/v1/projects/studio-7242952701-d91b7/services/firebaseapphosting.googleapis.com [omitted]
[debug] [2025-10-26T10:46:51.017Z] <<< [apiv2][status] GET https://serviceusage.googleapis.com/v1/projects/studio-7242952701-d91b7/services/cloudfunctions.googleapis.com 200
[debug] [2025-10-26T10:46:51.017Z] <<< [apiv2][body] GET https://serviceusage.googleapis.com/v1/projects/studio-7242952701-d91b7/services/cloudfunctions.googleapis.com [omitted]
[debug] [2025-10-26T10:46:51.021Z] <<< [apiv2][status] GET https://serviceusage.googleapis.com/v1/projects/studio-7242952701-d91b7/services/cloudfunctions.googleapis.com 200
[debug] [2025-10-26T10:46:51.021Z] <<< [apiv2][body] GET https://serviceusage.googleapis.com/v1/projects/studio-7242952701-d91b7/services/cloudfunctions.googleapis.com [omitted]
[error] Failed to fetch Firebase Project from Studio Workspace because WORKSPACE_SLUG environment variable is empty
[error] Failed to fetch Firebase Project from Studio Workspace because WORKSPACE_SLUG environment variable is empty
[error] Failed to fetch Firebase Project from Studio Workspace because WORKSPACE_SLUG environment variable is empty
[debug] [2025-10-26T10:46:51.048Z] > command requires scopes: ["email","openid","https://www.googleapis.com/auth/cloudplatformprojects.readonly","https://www.googleapis.com/auth/firebase","https://www.googleapis.com/auth/cloud-platform","https://www.googleapis.com/auth/userinfo.email"]
[debug] [2025-10-26T10:46:51.048Z] > authorizing via signed-in user (vincentvm1993@gmail.com)
[error] Failed to fetch Firebase Project from Studio Workspace because WORKSPACE_SLUG environment variable is empty
[debug] [2025-10-26T10:46:51.056Z] > command requires scopes: ["email","openid","https://www.googleapis.com/auth/cloudplatformprojects.readonly","https://www.googleapis.com/auth/firebase","https://www.googleapis.com/auth/cloud-platform","https://www.googleapis.com/auth/userinfo.email"]
[debug] [2025-10-26T10:46:51.056Z] > authorizing via signed-in user (vincentvm1993@gmail.com)
[error] Failed to fetch Firebase Project from Studio Workspace because WORKSPACE_SLUG environment variable is empty
[error] Failed to fetch Firebase Project from Studio Workspace because WORKSPACE_SLUG environment variable is empty
[error] Failed to fetch Firebase Project from Studio Workspace because WORKSPACE_SLUG environment variable is empty
[error] Failed to fetch Firebase Project from Studio Workspace because WORKSPACE_SLUG environment variable is empty
[debug] [2025-10-26T10:46:51.112Z] > command requires scopes: ["email","openid","https://www.googleapis.com/auth/cloudplatformprojects.readonly","https://www.googleapis.com/auth/firebase","https://www.googleapis.com/auth/cloud-platform","https://www.googleapis.com/auth/userinfo.email"]
[debug] [2025-10-26T10:46:51.112Z] > authorizing via signed-in user (vincentvm1993@gmail.com)
[error] Failed to fetch Firebase Project from Studio Workspace because WORKSPACE_SLUG environment variable is empty
[debug] [2025-10-26T10:46:51.113Z] > command requires scopes: ["email","openid","https://www.googleapis.com/auth/cloudplatformprojects.readonly","https://www.googleapis.com/auth/firebase","https://www.googleapis.com/auth/cloud-platform","https://www.googleapis.com/auth/userinfo.email"]
[debug] [2025-10-26T10:46:51.116Z] > authorizing via signed-in user (vincentvm1993@gmail.com)
[error] Failed to fetch Firebase Project from Studio Workspace because WORKSPACE_SLUG environment variable is empty
[error] Failed to fetch Firebase Project from Studio Workspace because WORKSPACE_SLUG environment variable is empty
[debug] [2025-10-26T10:46:51.132Z] > command requires scopes: ["email","openid","https://www.googleapis.com/auth/cloudplatformprojects.readonly","https://www.googleapis.com/auth/firebase","https://www.googleapis.com/auth/cloud-platform","https://www.googleapis.com/auth/userinfo.email"]
[debug] [2025-10-26T10:46:51.133Z] > authorizing via signed-in user (vincentvm1993@gmail.com)
[error] Failed to fetch Firebase Project from Studio Workspace because WORKSPACE_SLUG environment variable is empty
[debug] [2025-10-26T10:46:51.137Z] > command requires scopes: ["email","openid","https://www.googleapis.com/auth/cloudplatformprojects.readonly","https://www.googleapis.com/auth/firebase","https://www.googleapis.com/auth/cloud-platform","https://www.googleapis.com/auth/userinfo.email"]
[debug] [2025-10-26T10:46:51.137Z] > authorizing via signed-in user (vincentvm1993@gmail.com)
